<component name="libraryTable">
  <library name="JUnit">
    <CLASSES>
      <root url="jar://$PROJECT_DIR$/records/lib/hamcrest-core-1.3.jar!/" />
      <root url="jar://$PROJECT_DIR$/records/lib/junit-4.12.jar!/" />
      <root url="jar://$PROJECT_DIR$/records/lib/slf4j-api-1.7.21.jar!/" />
      <root url="jar://$PROJECT_DIR$/records/lib/slf4j-simple-1.7.21.jar!/" />
      <root url="jar://$PROJECT_DIR$/records/lib/generics-resolver-2.0.1.jar!/" />
      <root url="jar://$PROJECT_DIR$/records/lib/javaruntype-1.2.jar!/" />
      <root url="jar://$PROJECT_DIR$/records/lib/ognl-3.1.2.jar!/" />
      <root url="jar://$PROJECT_DIR$/records/lib/antlr-4.5.3-complete.jar!/" />
      <root url="jar://$PROJECT_DIR$/records/lib/junit-quickcheck-core-0.7-beta-2.jar!/" />
      <root url="jar://$PROJECT_DIR$/records/lib/junit-quickcheck-generators-0.7-beta-2.jar!/" />
    </CLASSES>
    <JAVADOC />
    <SOURCES />
  </library>
</component>